2023-11-07T16:05:35.981Z 0: 

----------------------------------------------
2023-11-07T16:05:36.012Z 1: Discord starting: {"releaseChannel":"stable","version":"0.0.34"}, modulepath: /home/Jan/.config/discord/0.0.34/modules
2023-11-07T16:05:36.038Z 2: ✅ webContents.created web1 ""
2023-11-07T16:05:36.073Z 3: ✅ window.created win1 "discord"
2023-11-07T16:05:36.611Z 4: ✅ webContents.did-finish-load web1
2023-11-07T16:05:53.244Z 5: ✅ webContents.created web2 ""
2023-11-07T16:05:53.286Z 6: ✅ window.created win2 "Discord"
2023-11-07T16:06:03.221Z 7: ✅ webContents.did-finish-load web2
2023-11-07T16:06:03.321Z 8: window.close win1
2023-11-07T16:06:03.421Z 9: webContents.destroyed web1
2023-11-07T16:06:03.451Z 10: window.closed win1
2023-11-07T16:06:20.877Z 11: window.close win2
2023-11-07T16:06:28.973Z 12: before-quit
2023-11-07T16:06:28.978Z 13: window.close win2
2023-11-07T16:06:29.023Z 14: webContents.destroyed web2
2023-11-07T16:06:29.039Z 15: window.closed win2
2023-11-07T17:24:55.932Z 0: 

----------------------------------------------
2023-11-07T17:24:56.068Z 1: Discord starting: {"releaseChannel":"stable","version":"0.0.34"}, modulepath: /home/Jan/.config/discord/0.0.34/modules
2023-11-07T17:24:56.249Z 2: ✅ webContents.created web1 ""
2023-11-07T17:24:56.281Z 3: ✅ window.created win1 "discord"
2023-11-07T17:24:57.337Z 4: ✅ webContents.did-finish-load web1
2023-11-07T17:24:57.784Z 5: ✅ webContents.created web2 ""
2023-11-07T17:24:57.873Z 6: ✅ window.created win2 "Discord"
2023-11-07T17:25:09.416Z 7: ✅ webContents.did-finish-load web2
2023-11-07T17:25:09.511Z 8: window.close win1
2023-11-07T17:25:09.554Z 9: webContents.destroyed web1
2023-11-07T17:25:09.584Z 10: window.closed win1
2023-11-07T17:51:26.557Z 11: before-quit
2023-11-07T20:42:18.832Z 0: 

----------------------------------------------
2023-11-07T20:42:18.875Z 1: Discord starting: {"releaseChannel":"stable","version":"0.0.34"}, modulepath: /home/Jan/.config/discord/0.0.34/modules
2023-11-07T20:42:18.915Z 2: ✅ webContents.created web1 ""
2023-11-07T20:42:18.931Z 3: ✅ window.created win1 "discord"
2023-11-07T20:42:19.464Z 4: ✅ webContents.did-finish-load web1
2023-11-07T20:42:20.040Z 5: ✅ webContents.created web2 ""
2023-11-07T20:42:20.117Z 6: ✅ window.created win2 "Discord"
2023-11-07T20:42:29.140Z 7: ✅ webContents.did-finish-load web2
2023-11-07T20:42:29.206Z 8: window.close win1
2023-11-07T20:42:29.238Z 9: webContents.destroyed web1
2023-11-07T20:42:29.255Z 10: window.closed win1
2023-11-07T21:04:24.820Z 11: window.close win2
2023-11-07T22:34:46.542Z 0: 

----------------------------------------------
2023-11-07T22:34:46.607Z 1: Discord starting: {"releaseChannel":"stable","version":"0.0.34"}, modulepath: /home/Jan/.config/discord/0.0.34/modules
2023-11-07T22:34:46.669Z 2: ✅ webContents.created web1 ""
2023-11-07T22:34:46.679Z 3: ✅ window.created win1 "discord"
2023-11-07T22:34:47.481Z 4: ✅ webContents.did-finish-load web1
2023-11-07T22:34:48.328Z 5: ✅ webContents.created web2 ""
2023-11-07T22:34:48.382Z 6: ✅ window.created win2 "Discord"
2023-11-07T22:34:58.014Z 7: ✅ webContents.did-finish-load web2
2023-11-07T22:34:58.129Z 8: window.close win1
2023-11-07T22:34:58.188Z 9: webContents.destroyed web1
2023-11-07T22:34:58.209Z 10: window.closed win1
2023-11-08T09:33:00.126Z 11: window.close win2
2023-11-08T13:10:18.620Z 0: 

----------------------------------------------
2023-11-08T13:10:18.637Z 1: Discord starting: {"releaseChannel":"stable","version":"0.0.34"}, modulepath: /home/Jan/.config/discord/0.0.34/modules
2023-11-08T13:11:03.162Z 12: window.close win2
2023-11-08T17:26:12.786Z 13: before-quit
2023-11-10T17:30:53.725Z 0: 

----------------------------------------------
2023-11-10T17:30:53.805Z 1: Discord starting: {"releaseChannel":"stable","version":"0.0.34"}, modulepath: /home/Jan/.config/discord/0.0.34/modules
2023-11-10T17:30:53.862Z 2: ✅ webContents.created web1 ""
2023-11-10T17:30:53.872Z 3: ✅ window.created win1 "discord"
2023-11-10T17:30:54.405Z 4: ✅ webContents.did-finish-load web1
2023-11-10T17:30:55.030Z 5: ✅ webContents.created web2 ""
2023-11-10T17:30:55.132Z 6: ✅ window.created win2 "Discord"
2023-11-10T17:31:06.819Z 7: ✅ webContents.did-finish-load web2
2023-11-10T17:31:06.906Z 8: window.close win1
2023-11-10T17:31:07.053Z 9: webContents.destroyed web1
2023-11-10T17:31:07.075Z 10: window.closed win1
2023-11-10T17:31:44.853Z 0: 

----------------------------------------------
2023-11-10T17:31:44.888Z 1: Discord starting: {"releaseChannel":"stable","version":"0.0.34"}, modulepath: /home/Jan/.config/discord/0.0.34/modules
2023-11-10T17:48:37.936Z 11: webContents.destroyed web2
2023-11-10T17:48:49.195Z 0: 

----------------------------------------------
2023-11-10T17:48:49.252Z 1: Discord starting: {"releaseChannel":"stable","version":"0.0.34"}, modulepath: /home/Jan/.config/discord/0.0.34/modules
2023-11-10T17:48:49.298Z 2: ✅ webContents.created web1 ""
2023-11-10T17:48:49.312Z 3: ✅ window.created win1 "discord"
2023-11-10T17:48:49.693Z 4: ✅ webContents.did-finish-load web1
2023-11-10T17:48:50.166Z 5: ✅ webContents.created web2 ""
2023-11-10T17:48:50.198Z 6: ✅ window.created win2 "Discord"
2023-11-10T17:48:58.905Z 7: ✅ webContents.did-finish-load web2
2023-11-10T17:48:59.005Z 8: window.close win1
2023-11-10T17:48:59.031Z 9: webContents.destroyed web1
2023-11-10T17:48:59.054Z 10: window.closed win1
2023-11-10T17:50:52.835Z 0: 

----------------------------------------------
2023-11-10T17:50:52.892Z 1: Discord starting: {"releaseChannel":"stable","version":"0.0.34"}, modulepath: /home/Jan/.config/discord/0.0.34/modules
2023-11-10T17:50:52.936Z 2: ✅ webContents.created web1 ""
2023-11-10T17:50:52.954Z 3: ✅ window.created win1 "discord"
2023-11-10T17:50:53.347Z 4: ✅ webContents.did-finish-load web1
2023-11-10T17:50:53.815Z 5: ✅ webContents.created web2 ""
2023-11-10T17:50:53.866Z 6: ✅ window.created win2 "Discord"
2023-11-10T17:51:01.198Z 7: ✅ webContents.did-finish-load web2
2023-11-10T17:51:01.285Z 8: window.close win1
2023-11-10T17:51:01.352Z 9: webContents.destroyed web1
2023-11-10T17:51:01.355Z 10: window.closed win1
2023-11-10T19:20:39.825Z 0: 

----------------------------------------------
2023-11-10T19:20:39.878Z 1: Discord starting: {"releaseChannel":"stable","version":"0.0.34"}, modulepath: /home/Jan/.config/discord/0.0.34/modules
2023-11-10T19:20:39.934Z 2: ✅ webContents.created web1 ""
2023-11-10T19:20:39.953Z 3: ✅ window.created win1 "discord"
2023-11-10T19:20:40.496Z 4: ✅ webContents.did-finish-load web1
2023-11-10T19:20:41.067Z 5: ✅ webContents.created web2 ""
2023-11-10T19:20:41.104Z 6: ✅ window.created win2 "Discord"
2023-11-10T19:20:49.515Z 7: ✅ webContents.did-finish-load web2
2023-11-10T19:20:49.623Z 8: window.close win1
2023-11-10T19:20:49.691Z 9: webContents.destroyed web1
2023-11-10T19:20:49.703Z 10: window.closed win1
2023-11-10T22:41:32.349Z 11: before-quit
2023-11-10T22:43:29.988Z 0: 

----------------------------------------------
2023-11-10T22:43:30.028Z 1: Discord starting: {"releaseChannel":"stable","version":"0.0.34"}, modulepath: /home/Jan/.config/discord/0.0.34/modules
2023-11-10T22:43:30.090Z 2: ✅ webContents.created web1 ""
2023-11-10T22:43:30.106Z 3: ✅ window.created win1 "discord"
2023-11-10T22:43:30.699Z 4: ✅ webContents.did-finish-load web1
2023-11-10T22:43:31.145Z 5: ✅ webContents.created web2 ""
2023-11-10T22:43:31.195Z 6: ✅ window.created win2 "Discord"
2023-11-10T22:43:39.299Z 7: ✅ webContents.did-finish-load web2
2023-11-10T22:43:39.401Z 8: window.close win1
2023-11-10T22:43:39.436Z 9: webContents.destroyed web1
2023-11-10T22:43:39.443Z 10: window.closed win1
2023-11-11T00:17:43.629Z 11: before-quit
2023-11-11T00:18:26.151Z 0: 

----------------------------------------------
2023-11-11T00:18:26.198Z 1: Discord starting: {"releaseChannel":"stable","version":"0.0.34"}, modulepath: /home/Jan/.config/discord/0.0.34/modules
2023-11-11T00:18:26.238Z 2: ✅ webContents.created web1 ""
2023-11-11T00:18:26.250Z 3: ✅ window.created win1 "discord"
2023-11-11T00:18:26.753Z 4: ✅ webContents.did-finish-load web1
2023-11-11T00:18:27.177Z 5: ✅ webContents.created web2 ""
2023-11-11T00:18:27.234Z 6: ✅ window.created win2 "Discord"
2023-11-11T00:18:35.394Z 7: ✅ webContents.did-finish-load web2
2023-11-11T00:18:35.493Z 8: window.close win1
2023-11-11T00:18:35.593Z 9: webContents.destroyed web1
2023-11-11T00:18:35.616Z 10: window.closed win1
2023-11-11T00:40:47.930Z 11: before-quit
2023-11-11T00:41:31.219Z 0: 

----------------------------------------------
2023-11-11T00:41:31.249Z 1: Discord starting: {"releaseChannel":"stable","version":"0.0.34"}, modulepath: /home/Jan/.config/discord/0.0.34/modules
2023-11-11T00:41:31.284Z 2: ✅ webContents.created web1 ""
2023-11-11T00:41:31.299Z 3: ✅ window.created win1 "discord"
2023-11-11T00:41:31.808Z 4: ✅ webContents.did-finish-load web1
2023-11-11T00:41:32.268Z 5: ✅ webContents.created web2 ""
2023-11-11T00:41:32.341Z 6: ✅ window.created win2 "Discord"
2023-11-11T00:41:40.343Z 7: ✅ webContents.did-finish-load web2
2023-11-11T00:41:40.433Z 8: window.close win1
2023-11-11T00:41:40.494Z 9: webContents.destroyed web1
2023-11-11T00:41:40.515Z 10: window.closed win1
2023-11-11T02:27:42.001Z 0: 

----------------------------------------------
2023-11-11T02:27:42.035Z 1: Discord starting: {"releaseChannel":"stable","version":"0.0.34"}, modulepath: /home/Jan/.config/discord/0.0.34/modules
2023-11-11T02:27:42.090Z 2: ✅ webContents.created web1 ""
2023-11-11T02:27:42.112Z 3: ✅ window.created win1 "discord"
2023-11-11T02:27:42.682Z 4: ✅ webContents.did-finish-load web1
2023-11-11T02:27:43.141Z 5: ✅ webContents.created web2 ""
2023-11-11T02:27:43.200Z 6: ✅ window.created win2 "Discord"
2023-11-11T02:27:51.498Z 7: ✅ webContents.did-finish-load web2
2023-11-11T02:27:51.591Z 8: window.close win1
2023-11-11T02:27:51.663Z 9: webContents.destroyed web1
2023-11-11T02:27:51.675Z 10: window.closed win1
2023-11-11T04:21:09.879Z 0: 

----------------------------------------------
2023-11-11T04:21:09.935Z 1: Discord starting: {"releaseChannel":"stable","version":"0.0.34"}, modulepath: /home/Jan/.config/discord/0.0.34/modules
2023-11-11T04:21:09.989Z 2: ✅ webContents.created web1 ""
2023-11-11T04:21:10.003Z 3: ✅ window.created win1 "discord"
2023-11-11T04:21:10.553Z 4: ✅ webContents.did-finish-load web1
2023-11-11T04:21:11.189Z 5: ✅ webContents.created web2 ""
2023-11-11T04:21:11.245Z 6: ✅ window.created win2 "Discord"
2023-11-11T04:21:19.836Z 7: ✅ webContents.did-finish-load web2
2023-11-11T04:21:19.941Z 8: window.close win1
2023-11-11T04:21:19.999Z 9: webContents.destroyed web1
2023-11-11T04:21:20.008Z 10: window.closed win1
2023-11-12T01:49:19.822Z 0: 

----------------------------------------------
2023-11-12T01:49:19.854Z 1: Discord starting: {"releaseChannel":"stable","version":"0.0.34"}, modulepath: /home/Jan/.config/discord/0.0.34/modules
2023-11-12T01:49:19.893Z 2: ✅ webContents.created web1 ""
2023-11-12T01:49:19.913Z 3: ✅ window.created win1 "discord"
2023-11-12T01:49:20.440Z 4: ✅ webContents.did-finish-load web1
2023-11-12T01:49:20.925Z 5: ✅ webContents.created web2 ""
2023-11-12T01:49:21.030Z 6: ✅ window.created win2 "Discord"
2023-11-12T01:49:29.152Z 7: ✅ webContents.did-finish-load web2
2023-11-12T01:49:29.245Z 8: window.close win1
2023-11-12T01:49:29.308Z 9: webContents.destroyed web1
2023-11-12T01:49:29.313Z 10: window.closed win1
